gplink-1.4.2 #1169 (Jun 26 2016)
Copyright (c) 1998-2015 gputils project
Listing File Generated: 3-21-2018  23:15:15
 
 
Address  Value    Disassembly              Source
-------  -----    -----------              ------
                                           ;--------------------------------------------------------
                                           ; File Created by SDCC : free open source ANSI-C Compiler
                                           ; Version 3.4.0 #8981 (Oct 25 2014) (Linux)
                                           ; This file was generated Wed Mar 21 23:15:15 2018
                                           ;--------------------------------------------------------
                                           ; PIC port for the 14-bit core
                                           ;--------------------------------------------------------
                                           ;	.file	"main.c"
                                           	list	p=16f84
                                           	radix dec
                                           	include "p16f84.inc"
                                                   LIST
                                           
                                           ;==========================================================================
                                           ; Build date : Oct 21 2015
                                           ;  MPASM PIC16F84 processor include
                                           ; 
                                           ;  (c) Copyright 1999-2015 Microchip Technology, All rights reserved
                                           ;==========================================================================
                                           
                                                   NOLIST
                                           ;--------------------------------------------------------
                                           ; external declarations
                                           ;--------------------------------------------------------
                                           	extern	_STATUSbits
                                           	extern	_PORTAbits
                                           	extern	_PORTBbits
                                           	extern	_INTCONbits
                                           	extern	_OPTION_REGbits
                                           	extern	_TRISAbits
                                           	extern	_TRISBbits
                                           	extern	_EECON1bits
                                           	extern	_INDF
                                           	extern	_TMR0
                                           	extern	_PCL
                                           	extern	_STATUS
                                           	extern	_FSR
                                           	extern	_PORTA
                                           	extern	_PORTB
                                           	extern	_EEDATA
                                           	extern	_EEADR
                                           	extern	_PCLATH
                                           	extern	_INTCON
                                           	extern	_OPTION_REG
                                           	extern	_TRISA
                                           	extern	_TRISB
                                           	extern	_EECON1
                                           	extern	_EECON2
                                           	extern	__sdcc_gsinit_startup
                                           ;--------------------------------------------------------
                                           ; global declarations
                                           ;--------------------------------------------------------
                                           	global	_halt
                                           	global	_main
                                           	global	_i
                                           
                                           	global PSAVE
                                           	global SSAVE
                                           	global WSAVE
                                           	global STK12
                                           	global STK11
                                           	global STK10
                                           	global STK09
                                           	global STK08
                                           	global STK07
                                           	global STK06
                                           	global STK05
                                           	global STK04
                                           	global STK03
                                           	global STK02
                                           	global STK01
                                           	global STK00
                                           
                                           sharebank udata_ovr 0x000C
                                           PSAVE	res 1
                                           SSAVE	res 1
                                           WSAVE	res 1
                                           STK12	res 1
                                           STK11	res 1
                                           STK10	res 1
                                           STK09	res 1
                                           STK08	res 1
                                           STK07	res 1
                                           STK06	res 1
                                           STK05	res 1
                                           STK04	res 1
                                           STK03	res 1
                                           STK02	res 1
                                           STK01	res 1
                                           STK00	res 1
                                           
                                           ;--------------------------------------------------------
                                           ; global definitions
                                           ;--------------------------------------------------------
                                           ;--------------------------------------------------------
                                           ; absolute symbol definitions
                                           ;--------------------------------------------------------
                                           ;--------------------------------------------------------
                                           ; compiler-defined variables
                                           ;--------------------------------------------------------
                                           UDL_main_0	udata
                                           r0x1002	res	1
                                           r0x1003	res	1
                                           r0x1004	res	1
                                           r0x1005	res	1
                                           ;--------------------------------------------------------
                                           ; initialized data
                                           ;--------------------------------------------------------
                                           
                                           ID_main_0	idata
                                           _i
                                           	db	0x00, 0x00
                                           
                                           ;--------------------------------------------------------
                                           ; overlayable items in internal ram 
                                           ;--------------------------------------------------------
                                           ;	udata_ovr
                                           ;--------------------------------------------------------
                                           ; reset vector 
                                           ;--------------------------------------------------------
                                           STARTUP	code 0x0000
000000   0000     nop                      	nop
                                           	pagesel __sdcc_gsinit_startup
000001   2802     goto    0x0002           	goto	__sdcc_gsinit_startup
                                           ;--------------------------------------------------------
                                           ; code
                                           ;--------------------------------------------------------
                                           code_main	code
                                           ;***
                                           ;  pBlock Stats: dbName = M
                                           ;***
                                           ;entry:  _main	;Function start
                                           ; 2 exit points
                                           ;has an exit
                                           ;functions called:
                                           ;   _halt
                                           ;   _halt
                                           ;   _halt
                                           ;   _halt
                                           ;4 compiler assigned registers:
                                           ;   r0x1002
                                           ;   r0x1003
                                           ;   r0x1004
                                           ;   r0x1005
                                           ;; Starting pCode block
                                           _main	;Function start
                                           ; 2 exit points
                                           ;	.line	30; "main.c"	for(i=0;i<MAXVAL;i=i+STRIDE)
00009e   01ac     clrf    0x2c             	CLRF	_i
00009f   01ad     clrf    0x2d             	CLRF	(_i + 1)
                                           _00115_DS_
                                           ;	.line	32; "main.c"	PORTA = i & 0xff; 
0000a0   082c     movf    0x2c, 0x0        	MOVF	_i,W
0000a1   00a8     movwf   0x28             	MOVWF	r0x1002
0000a2   01a9     clrf    0x29             	CLRF	r0x1003
0000a3   0828     movf    0x28, 0x0        	MOVF	r0x1002,W
0000a4   00aa     movwf   0x2a             	MOVWF	r0x1004
0000a5   1283     bcf     0x03, 0x5        	BANKSEL	_PORTA
0000a6   0085     movwf   0x05             	MOVWF	_PORTA
                                           ;	.line	33; "main.c"	PORTB = ((i >> 8) & 0xff);
0000a7   082d     movf    0x2d, 0x0        	MOVF	(_i + 1),W
0000a8   00a8     movwf   0x28             	MOVWF	r0x1002
0000a9   01a9     clrf    0x29             	CLRF	r0x1003
0000aa   01a9     clrf    0x29             	CLRF	r0x1003
0000ab   0828     movf    0x28, 0x0        	MOVF	r0x1002,W
0000ac   0086     movwf   0x06             	MOVWF	_PORTB
                                           ;	.line	34; "main.c"	EEDATA = i & 0xff;
0000ad   082a     movf    0x2a, 0x0        	MOVF	r0x1004,W
0000ae   0088     movwf   0x08             	MOVWF	_EEDATA
                                           ;	.line	30; "main.c"	for(i=0;i<MAXVAL;i=i+STRIDE)
0000af   3044     movlw   0x44             	MOVLW	0x44
0000b0   07ac     addwf   0x2c, 0x1        	ADDWF	_i,F
0000b1   1803     btfsc   0x03, 0x0        	BTFSC	STATUS,0
0000b2   0aad     incf    0x2d, 0x1        	INCF	(_i + 1),F
                                           ;;unsigned compare: left < lit(0x1FFF=8191), size=2
0000b3   301f     movlw   0x1f             	MOVLW	0x1f
0000b4   022d     subwf   0x2d, 0x0        	SUBWF	(_i + 1),W
0000b5   1d03     btfss   0x03, 0x2        	BTFSS	STATUS,2
0000b6   28b9     goto    0x00b9           	GOTO	_00136_DS_
0000b7   30ff     movlw   0xff             	MOVLW	0xff
0000b8   022c     subwf   0x2c, 0x0        	SUBWF	_i,W
                                           _00136_DS_
0000b9   1c03     btfss   0x03, 0x0        	BTFSS	STATUS,0
0000ba   28a0     goto    0x00a0           	GOTO	_00115_DS_
                                           ;;genSkipc:3247: created from rifx:0x7ffd232246d0
                                           ;	.line	38; "main.c"	for(i=0;i<MAXVAL;i=i+STRIDE)
0000bb   01ac     clrf    0x2c             	CLRF	_i
0000bc   01ad     clrf    0x2d             	CLRF	(_i + 1)
                                           _00117_DS_
                                           ;	.line	40; "main.c"	PORTA = i & 0xff; 
0000bd   082c     movf    0x2c, 0x0        	MOVF	_i,W
0000be   00a8     movwf   0x28             	MOVWF	r0x1002
0000bf   01a9     clrf    0x29             	CLRF	r0x1003
0000c0   0828     movf    0x28, 0x0        	MOVF	r0x1002,W
0000c1   1283     bcf     0x03, 0x5        	BANKSEL	_PORTA
0000c2   0085     movwf   0x05             	MOVWF	_PORTA
                                           ;	.line	41; "main.c"	PORTB = ((i >> 8) & 0xff);
0000c3   082d     movf    0x2d, 0x0        	MOVF	(_i + 1),W
0000c4   00aa     movwf   0x2a             	MOVWF	r0x1004
0000c5   01ab     clrf    0x2b             	CLRF	r0x1005
0000c6   01ab     clrf    0x2b             	CLRF	r0x1005
0000c7   082a     movf    0x2a, 0x0        	MOVF	r0x1004,W
0000c8   0086     movwf   0x06             	MOVWF	_PORTB
                                           ;	.line	44; "main.c"	if(EEDATA != (i & 0xff))
0000c9   0808     movf    0x08, 0x0        	MOVF	_EEDATA,W
0000ca   00aa     movwf   0x2a             	MOVWF	r0x1004
0000cb   01ab     clrf    0x2b             	CLRF	r0x1005
0000cc   0828     movf    0x28, 0x0        	MOVF	r0x1002,W
0000cd   062a     xorwf   0x2a, 0x0        	XORWF	r0x1004,W
0000ce   1d03     btfss   0x03, 0x2        	BTFSS	STATUS,2
0000cf   28d3     goto    0x00d3           	GOTO	_00137_DS_
0000d0   0829     movf    0x29, 0x0        	MOVF	r0x1003,W
                                           ;	.line	46; "main.c"	halt();
0000d1   062b     xorwf   0x2b, 0x0        	XORWF	r0x1005,W
                                           ;	.line	38; "main.c"	for(i=0;i<MAXVAL;i=i+STRIDE)
0000d2   1d03     btfss   0x03, 0x2        	BTFSS	STATUS,2
                                           _00137_DS_
0000d3   20e2     call    0x00e2           	CALL	_halt
0000d4   3044     movlw   0x44             	MOVLW	0x44
0000d5   07ac     addwf   0x2c, 0x1        	ADDWF	_i,F
0000d6   1803     btfsc   0x03, 0x0        	BTFSC	STATUS,0
0000d7   0aad     incf    0x2d, 0x1        	INCF	(_i + 1),F
                                           ;;unsigned compare: left < lit(0x1FFF=8191), size=2
0000d8   301f     movlw   0x1f             	MOVLW	0x1f
0000d9   022d     subwf   0x2d, 0x0        	SUBWF	(_i + 1),W
0000da   1d03     btfss   0x03, 0x2        	BTFSS	STATUS,2
0000db   28de     goto    0x00de           	GOTO	_00138_DS_
0000dc   30ff     movlw   0xff             	MOVLW	0xff
0000dd   022c     subwf   0x2c, 0x0        	SUBWF	_i,W
                                           _00138_DS_
0000de   1c03     btfss   0x03, 0x0        	BTFSS	STATUS,0
0000df   28bd     goto    0x00bd           	GOTO	_00117_DS_
                                           ;;genSkipc:3247: created from rifx:0x7ffd232246d0
                                           ;	.line	50; "main.c"	halt();
0000e0   20e2     call    0x00e2           	CALL	_halt
0000e1   0008     return                   	RETURN	
                                           ; exit point of _main
                                           
                                           ;***
                                           ;  pBlock Stats: dbName = C
                                           ;***
                                           ;entry:  _halt	;Function start
                                           ; 2 exit points
                                           ;has an exit
                                           ;; Starting pCode block
                                           _halt	;Function start
                                           ; 2 exit points
                                           _00106_DS_
0000e2   0000     nop                      	nop 
0000e3   28e2     goto    0x00e2           	GOTO	_00106_DS_
0000e4   0008     return                   	RETURN	
                                           ; exit point of _halt
                                           
                                           
                                           ;	code size estimation:
                                           ;	   68+    2 =    70 instructions (  144 byte)
                                           
                                           	end
                                                   LIST
                                           
                                           ;==========================================================================
                                           ; Build date : Oct 21 2015
                                           ;  MPASM PIC16F877 processor include
                                           ; 
                                           ;  (c) Copyright 1999-2015 Microchip Technology, All rights reserved
                                           ;==========================================================================
                                           
                                                   NOLIST
