gplink-1.4.2 #1169 (Jun 26 2016)
Copyright (c) 1998-2015 gputils project
Listing File Generated: 3-21-2018  20:44:09
 
 
Address  Value    Disassembly              Source
-------  -----    -----------              ------
                                           ;--------------------------------------------------------
                                           ; File Created by SDCC : free open source ANSI-C Compiler
                                           ; Version 3.4.0 #8981 (Oct 25 2014) (Linux)
                                           ; This file was generated Wed Mar 21 20:44:09 2018
                                           ;--------------------------------------------------------
                                           ; PIC port for the 14-bit core
                                           ;--------------------------------------------------------
                                           ;	.file	"empty_main.c"
                                           	list	p=16f84
                                           	radix dec
                                           	include "p16f84.inc"
                                                   LIST
                                           
                                           ;==========================================================================
                                           ; Build date : Oct 21 2015
                                           ;  MPASM PIC16F84 processor include
                                           ; 
                                           ;  (c) Copyright 1999-2015 Microchip Technology, All rights reserved
                                           ;==========================================================================
                                           
                                                   NOLIST
                                           ;--------------------------------------------------------
                                           ; external declarations
                                           ;--------------------------------------------------------
                                           	extern	_STATUSbits
                                           	extern	_PORTAbits
                                           	extern	_PORTBbits
                                           	extern	_INTCONbits
                                           	extern	_OPTION_REGbits
                                           	extern	_TRISAbits
                                           	extern	_TRISBbits
                                           	extern	_EECON1bits
                                           	extern	_INDF
                                           	extern	_TMR0
                                           	extern	_PCL
                                           	extern	_STATUS
                                           	extern	_FSR
                                           	extern	_PORTA
                                           	extern	_PORTB
                                           	extern	_EEDATA
                                           	extern	_EEADR
                                           	extern	_PCLATH
                                           	extern	_INTCON
                                           	extern	_OPTION_REG
                                           	extern	_TRISA
                                           	extern	_TRISB
                                           	extern	_EECON1
                                           	extern	_EECON2
                                           	extern	__sdcc_gsinit_startup
                                           ;--------------------------------------------------------
                                           ; global declarations
                                           ;--------------------------------------------------------
                                           	global	_main
                                           
                                           	global PSAVE
                                           	global SSAVE
                                           	global WSAVE
                                           	global STK12
                                           	global STK11
                                           	global STK10
                                           	global STK09
                                           	global STK08
                                           	global STK07
                                           	global STK06
                                           	global STK05
                                           	global STK04
                                           	global STK03
                                           	global STK02
                                           	global STK01
                                           	global STK00
                                           
                                           sharebank udata_ovr 0x000C
                                           PSAVE	res 1
                                           SSAVE	res 1
                                           WSAVE	res 1
                                           STK12	res 1
                                           STK11	res 1
                                           STK10	res 1
                                           STK09	res 1
                                           STK08	res 1
                                           STK07	res 1
                                           STK06	res 1
                                           STK05	res 1
                                           STK04	res 1
                                           STK03	res 1
                                           STK02	res 1
                                           STK01	res 1
                                           STK00	res 1
                                           
                                           ;--------------------------------------------------------
                                           ; global definitions
                                           ;--------------------------------------------------------
                                           ;--------------------------------------------------------
                                           ; absolute symbol definitions
                                           ;--------------------------------------------------------
                                           ;--------------------------------------------------------
                                           ; compiler-defined variables
                                           ;--------------------------------------------------------
                                           ;--------------------------------------------------------
                                           ; initialized data
                                           ;--------------------------------------------------------
                                           ;--------------------------------------------------------
                                           ; overlayable items in internal ram 
                                           ;--------------------------------------------------------
                                           ;	udata_ovr
                                           ;--------------------------------------------------------
                                           ; reset vector 
                                           ;--------------------------------------------------------
                                           STARTUP	code 0x0000
000000   0000     nop                      	nop
                                           	pagesel __sdcc_gsinit_startup
000001   2802     goto    0x0002           	goto	__sdcc_gsinit_startup
                                           ;--------------------------------------------------------
                                           ; code
                                           ;--------------------------------------------------------
                                           code_empty_main	code
                                           ;***
                                           ;  pBlock Stats: dbName = M
                                           ;***
                                           ;entry:  _main	;Function start
                                           ; 2 exit points
                                           ;has an exit
                                           ;; Starting pCode block
                                           _main	;Function start
                                           ; 2 exit points
                                           ;	.line	10; "empty_main.c"	}
0000da   0008     return                   	RETURN	
                                           ; exit point of _main
                                           
                                           
                                           ;	code size estimation:
                                           ;	    1+    0 =     1 instructions (    2 byte)
                                           
                                           	end
                                                   LIST
                                           
                                           ;==========================================================================
                                           ; Build date : Oct 21 2015
                                           ;  MPASM PIC16F877 processor include
                                           ; 
                                           ;  (c) Copyright 1999-2015 Microchip Technology, All rights reserved
                                           ;==========================================================================
                                           
                                                   NOLIST
